TN:
SF:R:/AngularJS_Learning/myblog/index.js
FN:56,(anonymous_1)
FN:96,(anonymous_2)
FN:105,(anonymous_3)
FNF:3
FNH:2
FNDA:15,(anonymous_1)
FNDA:1,(anonymous_2)
FNDA:0,(anonymous_3)
DA:1,1
DA:2,1
DA:3,1
DA:4,1
DA:5,1
DA:6,1
DA:7,1
DA:8,1
DA:9,1
DA:10,1
DA:12,1
DA:13,1
DA:14,1
DA:20,1
DA:22,1
DA:24,1
DA:27,1
DA:29,1
DA:42,1
DA:44,1
DA:50,1
DA:56,1
DA:57,15
DA:58,15
DA:59,15
DA:60,15
DA:64,1
DA:78,1
DA:81,1
DA:96,1
DA:97,1
DA:100,1
DA:102,1
DA:105,0
DA:106,0
LF:35
LH:33
BRDA:100,0,0,1
BRDA:100,0,1,0
BRF:2
BRH:1
end_of_record
TN:
SF:R:/AngularJS_Learning/myblog/config/default.js
FNF:0
FNH:0
DA:1,1
LF:1
LH:1
BRF:0
BRH:0
end_of_record
TN:
SF:R:/AngularJS_Learning/myblog/lib/mongo.js
FN:10,afterFind
FN:12,(anonymous_2)
FN:10,afterFindOne
FNF:3
FNH:2
FNDA:1,afterFind
FNDA:11,(anonymous_2)
FNDA:0,afterFindOne
DA:1,1
DA:2,1
DA:3,1
DA:4,1
DA:6,1
DA:7,1
DA:9,1
DA:10,1
DA:12,1
DA:13,11
DA:15,1
DA:18,0
DA:19,0
DA:21,0
DA:25,1
DA:34,1
DA:42,1
DA:47,1
DA:48,1
LF:19
LH:16
BRDA:18,0,0,0
BRDA:18,0,1,0
BRF:2
BRH:0
end_of_record
TN:
SF:R:/AngularJS_Learning/myblog/middlewares/check.js
FN:1,checkLogin
FN:1,checkNotLogin
FNF:2
FNH:2
FNDA:1,checkLogin
FNDA:14,checkNotLogin
DA:3,1
DA:4,0
DA:5,0
DA:7,1
DA:10,14
DA:11,0
DA:12,0
DA:14,14
LF:8
LH:4
BRDA:3,0,0,0
BRDA:3,0,1,1
BRDA:10,1,0,0
BRDA:10,1,1,14
BRF:4
BRH:2
end_of_record
TN:
SF:R:/AngularJS_Learning/myblog/models/comments.js
FN:6,afterFind
FN:6,(anonymous_2)
FN:10,afterFindOne
FN:20,create
FN:22,getComments
FN:36,delCommentById
FN:38,delCommentsByPostId
FN:40,getCommentsCounts
FNF:8
FNH:1
FNDA:0,afterFind
FNDA:0,(anonymous_2)
FNDA:0,afterFindOne
FNDA:0,create
FNDA:0,getComments
FNDA:0,delCommentById
FNDA:0,delCommentsByPostId
FNDA:11,getCommentsCounts
DA:1,1
DA:2,1
DA:5,1
DA:6,0
DA:7,0
DA:8,0
DA:11,0
DA:12,0
DA:14,0
DA:20,0
DA:23,0
DA:24,0
DA:25,0
DA:27,0
DA:36,0
DA:38,0
DA:40,11
LF:17
LH:4
BRDA:11,0,0,0
BRDA:11,0,1,0
BRDA:24,1,0,0
BRDA:24,1,1,0
BRF:4
BRH:0
end_of_record
TN:
SF:R:/AngularJS_Learning/myblog/models/posts.js
FN:7,afterFind
FN:7,(anonymous_2)
FN:11,afterFindOne
FN:20,afterFind
FN:20,(anonymous_5)
FN:21,(anonymous_6)
FN:25,afterFindOne
FN:26,(anonymous_8)
FN:34,create
FN:37,getPostById
FN:45,getPosts
FN:60,incPv
FN:63,getRawPostById
FN:68,updatePostById
FN:71,delPostById
FN:74,(anonymous_16)
FNF:16
FNH:6
FNDA:1,afterFind
FNDA:11,(anonymous_2)
FNDA:0,afterFindOne
FNDA:1,afterFind
FNDA:11,(anonymous_5)
FNDA:11,(anonymous_6)
FNDA:0,afterFindOne
FNDA:0,(anonymous_8)
FNDA:0,create
FNDA:0,getPostById
FNDA:1,getPosts
FNDA:0,incPv
FNDA:0,getRawPostById
FNDA:0,updatePostById
FNDA:0,delPostById
FNDA:0,(anonymous_16)
DA:1,1
DA:2,1
DA:3,1
DA:6,1
DA:7,1
DA:8,11
DA:9,11
DA:12,0
DA:13,0
DA:15,0
DA:19,1
DA:20,11
DA:22,11
DA:23,11
DA:25,0
DA:27,0
DA:28,0
DA:34,0
DA:37,0
DA:46,1
DA:47,1
DA:48,0
DA:50,1
DA:60,0
DA:63,0
DA:68,0
DA:71,0
DA:76,0
DA:77,0
LF:29
LH:14
BRDA:12,0,0,0
BRDA:12,0,1,0
BRDA:47,1,0,0
BRDA:47,1,1,1
BRDA:76,2,0,0
BRDA:76,2,1,0
BRDA:76,3,0,0
BRDA:76,3,1,0
BRF:8
BRH:1
end_of_record
TN:
SF:R:/AngularJS_Learning/myblog/models/user.js
FN:9,create
FN:10,getUserByName
FNF:2
FNH:1
FNDA:2,create
FNDA:0,getUserByName
DA:1,1
DA:9,2
DA:10,0
LF:3
LH:2
BRF:0
BRH:0
end_of_record
TN:
SF:R:/AngularJS_Learning/myblog/routes/index.js
FN:10,(anonymous_2)
FN:17,(anonymous_3)
FNF:2
FNH:1
FNDA:0,(anonymous_2)
FNDA:13,(anonymous_3)
DA:4,1
DA:5,1
DA:6,1
DA:7,1
DA:10,1
DA:11,0
DA:13,1
DA:14,1
DA:15,1
DA:16,1
DA:17,1
DA:18,13
DA:19,0
LF:13
LH:11
BRDA:18,0,0,0
BRDA:18,0,1,13
BRF:2
BRH:1
end_of_record
TN:
SF:R:/AngularJS_Learning/myblog/routes/posts.js
FN:11,(anonymous_1)
FN:14,(anonymous_2)
FN:21,(anonymous_3)
FN:44,(anonymous_4)
FN:55,(anonymous_5)
FN:60,(anonymous_6)
FN:68,(anonymous_7)
FN:80,(anonymous_8)
FN:85,(anonymous_9)
FN:98,(anonymous_10)
FN:105,(anonymous_11)
FN:113,(anonymous_12)
FN:118,(anonymous_13)
FN:126,(anonymous_14)
FN:135,(anonymous_15)
FN:144,(anonymous_16)
FN:148,(anonymous_17)
FNF:17
FNH:2
FNDA:1,(anonymous_1)
FNDA:1,(anonymous_2)
FNDA:0,(anonymous_3)
FNDA:0,(anonymous_4)
FNDA:0,(anonymous_5)
FNDA:0,(anonymous_6)
FNDA:0,(anonymous_7)
FNDA:0,(anonymous_8)
FNDA:0,(anonymous_9)
FNDA:0,(anonymous_10)
FNDA:0,(anonymous_11)
FNDA:0,(anonymous_12)
FNDA:0,(anonymous_13)
FNDA:0,(anonymous_14)
FNDA:0,(anonymous_15)
FNDA:0,(anonymous_16)
FNDA:0,(anonymous_17)
DA:1,1
DA:2,1
DA:3,1
DA:4,1
DA:6,1
DA:7,1
DA:11,1
DA:12,1
DA:13,1
DA:15,1
DA:21,1
DA:22,0
DA:23,0
DA:24,0
DA:27,0
DA:28,0
DA:29,0
DA:31,0
DA:32,0
DA:35,0
DA:36,0
DA:39,0
DA:43,0
DA:46,0
DA:47,0
DA:49,0
DA:55,1
DA:56,0
DA:60,1
DA:61,0
DA:63,0
DA:69,0
DA:70,0
DA:71,0
DA:72,0
DA:74,0
DA:80,1
DA:81,0
DA:82,0
DA:84,0
DA:86,0
DA:87,0
DA:89,0
DA:90,0
DA:92,0
DA:98,1
DA:99,0
DA:100,0
DA:101,0
DA:102,0
DA:104,0
DA:106,0
DA:107,0
DA:113,1
DA:114,0
DA:115,0
DA:117,0
DA:119,0
DA:120,0
DA:126,1
DA:127,0
DA:128,0
DA:129,0
DA:131,0
DA:134,0
DA:136,0
DA:138,0
DA:144,1
DA:145,0
DA:146,0
DA:147,0
DA:149,0
DA:150,0
LF:73
LH:18
BRDA:28,0,0,0
BRDA:28,0,1,0
BRDA:31,1,0,0
BRDA:31,1,1,0
BRDA:71,2,0,0
BRDA:71,2,1,0
BRDA:86,3,0,0
BRDA:86,3,1,0
BRDA:89,4,0,0
BRDA:89,4,1,0
BRF:10
BRH:0
end_of_record
TN:
SF:R:/AngularJS_Learning/myblog/routes/signin.js
FN:10,(anonymous_1)
FN:15,(anonymous_2)
FN:20,(anonymous_3)
FNF:3
FNH:0
FNDA:0,(anonymous_1)
FNDA:0,(anonymous_2)
FNDA:0,(anonymous_3)
DA:1,1
DA:2,1
DA:3,1
DA:4,1
DA:6,1
DA:7,1
DA:10,1
DA:11,0
DA:15,1
DA:16,0
DA:17,0
DA:19,0
DA:21,0
DA:22,0
DA:23,0
DA:26,0
DA:27,0
DA:28,0
DA:30,0
DA:32,0
DA:33,0
DA:34,0
LF:22
LH:8
BRDA:21,0,0,0
BRDA:21,0,1,0
BRDA:26,1,0,0
BRDA:26,1,1,0
BRF:4
BRH:0
end_of_record
TN:
SF:R:/AngularJS_Learning/myblog/routes/signout.js
FN:8,(anonymous_1)
FNF:1
FNH:0
FNDA:0,(anonymous_1)
DA:1,1
DA:2,1
DA:4,1
DA:5,1
DA:8,1
DA:10,0
DA:11,0
DA:13,0
LF:8
LH:5
BRF:0
BRH:0
end_of_record
TN:
SF:R:/AngularJS_Learning/myblog/routes/signup.js
FN:12,(anonymous_1)
FN:17,(anonymous_2)
FN:58,(anonymous_3)
FN:69,(anonymous_4)
FNF:4
FNH:4
FNDA:6,(anonymous_1)
FNDA:8,(anonymous_2)
FNDA:1,(anonymous_3)
FNDA:1,(anonymous_4)
DA:1,1
DA:2,1
DA:3,1
DA:4,1
DA:5,1
DA:6,1
DA:8,1
DA:9,1
DA:12,1
DA:13,6
DA:17,1
DA:18,8
DA:19,8
DA:20,8
DA:21,8
DA:22,7
DA:23,7
DA:26,7
DA:27,7
DA:28,1
DA:30,6
DA:31,1
DA:33,5
DA:34,1
DA:36,4
DA:37,0
DA:39,4
DA:40,1
DA:42,3
DA:43,1
DA:47,5
DA:48,5
DA:49,5
DA:52,2
DA:55,2
DA:57,2
DA:60,1
DA:62,1
DA:63,1
DA:65,1
DA:67,1
DA:71,1
DA:73,1
DA:74,1
DA:75,1
DA:77,0
LF:46
LH:44
BRDA:27,0,0,1
BRDA:27,0,1,6
BRDA:27,1,0,7
BRDA:27,1,1,6
BRDA:30,2,0,1
BRDA:30,2,1,5
BRDA:33,3,0,1
BRDA:33,3,1,4
BRDA:33,4,0,5
BRDA:33,4,1,4
BRDA:36,5,0,0
BRDA:36,5,1,4
BRDA:39,6,0,1
BRDA:39,6,1,3
BRDA:42,7,0,1
BRDA:42,7,1,2
BRDA:73,8,0,1
BRDA:73,8,1,0
BRF:18
BRH:16
end_of_record
